info it worked if it ends with ok
verbose cli [ 'node', '/home/mav/nvm/v0.6.17/bin/npm', 'install' ]
info using npm@1.1.21
info using node@v0.6.17
verbose config file /home/mav/.npmrc
verbose config file /home/mav/nvm/v0.6.17/etc/npmrc
verbose config file /home/mav/nvm/v0.6.17/lib/node_modules/npm/npmrc
verbose caching /home/mav/Dev/node/spinly/package.json
verbose loadDefaults spinly@0.0.1-1
verbose readDependencies: using package.json deps
verbose where, deps [ '/home/mav/Dev/node/spinly',
verbose where, deps   [ 'express',
verbose where, deps     'stylus',
verbose where, deps     'nib',
verbose where, deps     'jade',
verbose where, deps     'bcrypt',
verbose where, deps     'gridfs',
verbose where, deps     'mongodb',
verbose where, deps     'mongoose',
verbose where, deps     'everyauth',
verbose where, deps     'moment',
verbose where, deps     'markdown',
verbose where, deps     'request',
verbose where, deps     'emailjs' ] ]
verbose from cache /home/mav/Dev/node/spinly/package.json
info preinstall spinly@0.0.1-1
verbose caching /home/mav/Dev/node/spinly/node_modules/mongodb/package.json
verbose caching /home/mav/Dev/node/spinly/node_modules/log/package.json
verbose caching /home/mav/Dev/node/spinly/node_modules/nib/package.json
verbose loadDefaults nib@0.5.0
verbose caching /home/mav/Dev/node/spinly/node_modules/request/package.json
verbose caching /home/mav/Dev/node/spinly/node_modules/express/package.json
verbose caching /home/mav/Dev/node/spinly/node_modules/jade/package.json
verbose caching /home/mav/Dev/node/spinly/node_modules/emailjs/package.json
verbose caching /home/mav/Dev/node/spinly/node_modules/everyauth/package.json
verbose caching /home/mav/Dev/node/spinly/node_modules/mongoose/package.json
verbose loadDefaults mongoose@2.7.1
verbose caching /home/mav/Dev/node/spinly/node_modules/markdown/package.json
verbose caching /home/mav/Dev/node/spinly/node_modules/moment/package.json
verbose caching /home/mav/Dev/node/spinly/node_modules/stylus/package.json
verbose caching /home/mav/Dev/node/spinly/node_modules/uglify-js/package.json
verbose has bindings.gyp [ undefined,
verbose has bindings.gyp   { file: '/home/mav/Dev/node/spinly/node_modules/bcrypt/package.json',
verbose has bindings.gyp     gypfile: true,
verbose has bindings.gyp     contributors: false,
verbose has bindings.gyp     serverjs: false,
verbose has bindings.gyp     wscript: true } ]
verbose has wscript [ undefined,
verbose has wscript   { file: '/home/mav/Dev/node/spinly/node_modules/bcrypt/package.json',
verbose has wscript     gypfile: true,
verbose has wscript     contributors: false,
verbose has wscript     serverjs: false,
verbose has wscript     wscript: true } ]
verbose caching /home/mav/Dev/node/spinly/node_modules/bcrypt/package.json
verbose from cache /home/mav/Dev/node/spinly/package.json
verbose readDependencies: using package.json deps
verbose from cache /home/mav/Dev/node/spinly/node_modules/mongodb/package.json
verbose from cache /home/mav/Dev/node/spinly/node_modules/log/package.json
verbose from cache /home/mav/Dev/node/spinly/node_modules/nib/package.json
verbose from cache /home/mav/Dev/node/spinly/node_modules/request/package.json
verbose from cache /home/mav/Dev/node/spinly/node_modules/express/package.json
verbose from cache /home/mav/Dev/node/spinly/node_modules/jade/package.json
verbose from cache /home/mav/Dev/node/spinly/node_modules/emailjs/package.json
verbose from cache /home/mav/Dev/node/spinly/node_modules/everyauth/package.json
verbose from cache /home/mav/Dev/node/spinly/node_modules/mongoose/package.json
verbose from cache /home/mav/Dev/node/spinly/node_modules/markdown/package.json
verbose from cache /home/mav/Dev/node/spinly/node_modules/moment/package.json
verbose from cache /home/mav/Dev/node/spinly/node_modules/stylus/package.json
verbose from cache /home/mav/Dev/node/spinly/node_modules/uglify-js/package.json
verbose from cache /home/mav/Dev/node/spinly/node_modules/bcrypt/package.json
verbose already installed in /home/mav/Dev/node/spinly skipping jade@>= 0.0.1
verbose already installed in /home/mav/Dev/node/spinly skipping bcrypt@*
verbose cache add [ 'gridfs@*', null ]
silly cache add: name, spec, args [ undefined, 'gridfs@*', [ 'gridfs@*', null ] ]
verbose parsed url { pathname: 'gridfs@*', path: 'gridfs@*', href: 'gridfs@*' }
silly cache add: name, spec, args [ 'gridfs', '*', [ 'gridfs', '*' ] ]
verbose parsed url { pathname: '*', path: '*', href: '*' }
verbose addNamed [ 'gridfs', '*' ]
verbose addNamed [ null, '' ]
silly name, range, hasData [ 'gridfs', '', false ]
verbose already installed in /home/mav/Dev/node/spinly skipping mongodb@>= 0.1.0
verbose already installed in /home/mav/Dev/node/spinly skipping mongoose@*
verbose already installed in /home/mav/Dev/node/spinly skipping everyauth@~0.2
verbose already installed in /home/mav/Dev/node/spinly skipping moment@>=1.6.2
verbose already installed in /home/mav/Dev/node/spinly skipping markdown@>=0.4.0
verbose already installed in /home/mav/Dev/node/spinly skipping request@>=2.9.0
verbose raw, before any munging gridfs
verbose url resolving [ 'https://registry.npmjs.org/', './gridfs' ]
verbose url resolved https://registry.npmjs.org/gridfs
http GET https://registry.npmjs.org/gridfs
verbose already installed in /home/mav/Dev/node/spinly skipping emailjs@>= 0.3.0
verbose already installed in /home/mav/Dev/node/spinly skipping express@2.5.8
verbose already installed in /home/mav/Dev/node/spinly skipping stylus@>= 0.0.1
verbose already installed in /home/mav/Dev/node/spinly skipping nib@~ 0.5.x
http 404 https://registry.npmjs.org/gridfs
silly get cb [ 404,
silly get cb   { server: 'CouchDB/1.2.0 (Erlang OTP/R15B)',
silly get cb     date: 'Sat, 28 Jul 2012 13:11:49 GMT',
silly get cb     'content-type': 'application/json',
silly get cb     'content-length': '52',
silly get cb     'cache-control': 'must-revalidate' } ]
ERR! 404 'gridfs' is not in the npm registry.
ERR! 404 You should bug the author to publish it
ERR! 404 Note that you can also install from a
ERR! 404 tarball, folder, or http url, or git url.
ERR! 
ERR! System Linux 3.2.0-27-generic
ERR! command "node" "/home/mav/nvm/v0.6.17/bin/npm" "install"
ERR! cwd /home/mav/Dev/node/spinly
ERR! node -v v0.6.17
ERR! npm -v 1.1.21
ERR! code E404
ERR! message 404 Not Found: gridfs
ERR! errno {}
verbose exit [ 1, true ]
